<?xml version="1.0" encoding="UTF-8"?>
<testsuite name="inflearn.advanced.pureproxy.concreteproxy.ConcreteProxyTest" tests="1" skipped="0" failures="0" errors="0" timestamp="2023-10-09T08:24:09" hostname="MINSEOI-MacBook-Pro.local" time="0.103">
  <properties/>
  <testcase name="addProxy()" classname="inflearn.advanced.pureproxy.concreteproxy.ConcreteProxyTest" time="0.103"/>
  <system-out><![CDATA[17:24:10.024 [Test worker] INFO inflearn.advanced.pureproxy.concreteproxy.code.TimeProxy - TimeDecorator 실행
17:24:10.033 [Test worker] INFO inflearn.advanced.pureproxy.concreteproxy.code.ConcreteLogic - ConcreteLogic 실행
17:24:10.034 [Test worker] INFO inflearn.advanced.pureproxy.concreteproxy.code.TimeProxy - TimeDecorator 종료 resultTime = 1ms
]]></system-out>
  <system-err><![CDATA[]]></system-err>
</testsuite>
